2010-09-06 15:14:20 Debug: Notice (1024): Please change the value of 'Security.salt' in app/config/core.php to a salt value specific to your application in [F:\panda\xampp\htdocs\provider\cake\libs\debugger.php, line 684]
2010-09-06 15:14:20 Debug: Notice (1024): Please change the value of 'Security.cipherSeed' in app/config/core.php to a numeric (digits only) seed value specific to your application in [F:\panda\xampp\htdocs\provider\cake\libs\debugger.php, line 688]
2010-09-06 15:15:03 Debug: Notice (1024): Please change the value of 'Security.salt' in app/config/core.php to a salt value specific to your application in [F:\panda\xampp\htdocs\provider\cake\libs\debugger.php, line 684]
2010-09-06 15:15:03 Debug: Notice (1024): Please change the value of 'Security.cipherSeed' in app/config/core.php to a numeric (digits only) seed value specific to your application in [F:\panda\xampp\htdocs\provider\cake\libs\debugger.php, line 688]
2010-09-06 23:08:45 Notice: Notice (1024): Please change the value of 'Security.salt' in app/config/core.php to a salt value specific to your application in [/home/embalao/embalao.org/provider/cake/libs/debugger.php, line 684]
2010-09-06 23:08:45 Notice: Notice (1024): Please change the value of 'Security.cipherSeed' in app/config/core.php to a numeric (digits only) seed value specific to your application in [/home/embalao/embalao.org/provider/cake/libs/debugger.php, line 688]
2010-09-06 23:15:51 Notice: Notice (1024): Please change the value of 'Security.salt' in app/config/core.php to a salt value specific to your application in [/home/embalao/embalao.org/provider/cake/libs/debugger.php, line 684]
2010-09-06 23:15:51 Notice: Notice (1024): Please change the value of 'Security.cipherSeed' in app/config/core.php to a numeric (digits only) seed value specific to your application in [/home/embalao/embalao.org/provider/cake/libs/debugger.php, line 688]
2010-09-07 07:50:36 Notice: Notice (8): Undefined property: Producto::$Subcategorium in [/home/embalao/embalao.org/provider/app/controllers/productos_controller.php, line 29]
2010-09-07 07:53:36 Notice: Notice (8): Undefined property: Producto::$Subcategorium in [/home/embalao/embalao.org/provider/app/controllers/productos_controller.php, line 29]
2010-09-07 07:53:37 Notice: Notice (8): Undefined property: Producto::$Subcategorium in [/home/embalao/embalao.org/provider/app/controllers/productos_controller.php, line 29]
2010-09-07 07:53:40 Notice: Notice (8): Undefined property: Producto::$Subcategorium in [/home/embalao/embalao.org/provider/app/controllers/productos_controller.php, line 29]
2010-09-07 08:53:07 Notice: Notice (8): Undefined property: Subcategoria::$Categorium in [/home/embalao/embalao.org/provider/app/controllers/subcategorias_controller.php, line 29]
2010-09-07 15:06:34 Notice: Notice (8): Undefined variable: video in [/home/embalao/embalao.org/provider/app/controllers/productos_controller.php, line 31]
2010-09-07 15:06:42 Notice: Notice (8): Undefined variable: video in [/home/embalao/embalao.org/provider/app/controllers/productos_controller.php, line 31]
2010-09-07 15:07:55 Notice: Notice (8): Undefined variable: video in [/home/embalao/embalao.org/provider/app/controllers/productos_controller.php, line 31]
2010-09-07 15:08:00 Notice: Notice (8): Undefined variable: video in [/home/embalao/embalao.org/provider/app/controllers/productos_controller.php, line 31]
2010-09-07 15:08:01 Notice: Notice (8): Undefined variable: video in [/home/embalao/embalao.org/provider/app/controllers/productos_controller.php, line 31]
2010-09-07 15:15:49 Notice: Notice (8): Undefined variable: video in [/home/embalao/embalao.org/provider/app/controllers/productos_controller.php, line 31]
2010-09-07 15:32:03 Notice: Notice (8): Undefined index:  categoria_id in [/home/embalao/embalao.org/provider/app/controllers/categorias_controller.php, line 118]
2010-09-07 15:32:20 Notice: Notice (8): Undefined index:  categoria_id in [/home/embalao/embalao.org/provider/app/controllers/categorias_controller.php, line 118]
2010-09-07 15:45:32 Notice: Notice (8): Undefined index:  categoria_id in [/home/embalao/embalao.org/provider/app/controllers/categorias_controller.php, line 117]
2010-09-07 15:46:01 Notice: Notice (8): Undefined index:  categoria_id in [/home/embalao/embalao.org/provider/app/controllers/categorias_controller.php, line 117]
2010-09-07 16:17:20 Notice: Notice (8): Use of undefined constant foto - assumed 'foto' in [/home/embalao/embalao.org/provider/app/controllers/productos_controller.php, line 34]
2010-09-08 09:04:42 Notice: Notice (8): Undefined index:  categoria_id in [/home/embalao/embalao.org/cms/app/controllers/categorias_controller.php, line 117]
2010-09-08 09:04:45 Notice: Notice (8): Undefined index:  categoria_id in [/home/embalao/embalao.org/cms/app/controllers/categorias_controller.php, line 117]
2010-09-08 09:05:20 Notice: Notice (8): Undefined index:  categoria_id in [/home/embalao/embalao.org/cms/app/controllers/categorias_controller.php, line 117]
2010-09-08 09:10:05 Notice: Notice (8): Undefined index:  categoria_id in [/home/embalao/embalao.org/cms/app/controllers/categorias_controller.php, line 117]
2010-09-08 09:10:09 Notice: Notice (8): Undefined index:  categoria_id in [/home/embalao/embalao.org/cms/app/controllers/categorias_controller.php, line 117]
2010-09-08 09:10:43 Notice: Notice (8): Undefined index:  categoria_id in [/home/embalao/embalao.org/cms/app/controllers/categorias_controller.php, line 117]
2010-09-08 09:10:46 Notice: Notice (8): Undefined index:  categoria_id in [/home/embalao/embalao.org/cms/app/controllers/categorias_controller.php, line 117]
2010-09-08 09:10:57 Notice: Notice (8): Undefined index:  categoria_id in [/home/embalao/embalao.org/cms/app/controllers/categorias_controller.php, line 117]
2010-09-08 09:11:02 Notice: Notice (8): Undefined index:  categoria_id in [/home/embalao/embalao.org/cms/app/controllers/categorias_controller.php, line 117]
2010-09-08 09:11:45 Notice: Notice (8): Undefined index:  categoria_id in [/home/embalao/embalao.org/cms/app/controllers/categorias_controller.php, line 117]
2010-09-08 09:11:48 Notice: Notice (8): Undefined index:  categoria_id in [/home/embalao/embalao.org/cms/app/controllers/categorias_controller.php, line 117]
2010-09-08 09:11:51 Notice: Notice (8): Undefined index:  categoria_id in [/home/embalao/embalao.org/cms/app/controllers/categorias_controller.php, line 117]
2010-09-08 09:13:18 Notice: Notice (8): Undefined index:  categoria_id in [/home/embalao/embalao.org/cms/app/controllers/categorias_controller.php, line 117]
2010-09-08 09:13:51 Notice: Notice (8): Undefined index:  categoria_id in [/home/embalao/embalao.org/cms/app/controllers/categorias_controller.php, line 117]
2010-09-08 09:14:06 Notice: Notice (8): Undefined index:  categoria_id in [/home/embalao/embalao.org/cms/app/controllers/categorias_controller.php, line 117]
2010-09-08 09:14:24 Notice: Notice (8): Undefined index:  categoria_id in [/home/embalao/embalao.org/cms/app/controllers/categorias_controller.php, line 117]
2010-09-08 09:16:11 Notice: Notice (8): Undefined index:  categoria_id in [/home/embalao/embalao.org/cms/app/controllers/categorias_controller.php, line 117]
2010-09-08 09:16:41 Notice: Notice (8): Undefined index:  categoria_id in [/home/embalao/embalao.org/cms/app/controllers/categorias_controller.php, line 117]
2010-09-08 15:08:36 Notice: Notice (8): Undefined index:  informacion_de_producto in [/home/embalao/embalao.org/cms/app/views/productos/index.ctp, line 27]
2010-09-08 15:09:58 Notice: Notice (8): Undefined index:  informacion_de_producto in [/home/embalao/embalao.org/cms/app/views/productos/index.ctp, line 27]
2010-09-08 15:10:13 Notice: Notice (8): Undefined index:  informacion_de_producto in [/home/embalao/embalao.org/cms/app/views/productos/index.ctp, line 27]
2010-09-08 15:10:20 Notice: Notice (8): Undefined index:  informacion_de_producto in [/home/embalao/embalao.org/cms/app/views/productos/index.ctp, line 27]
2010-09-08 15:10:28 Notice: Notice (8): Undefined index:  informacion_de_producto in [/home/embalao/embalao.org/cms/app/views/productos/index.ctp, line 27]
2010-09-08 15:10:59 Notice: Notice (8): Undefined index:  informacion_de_producto in [/home/embalao/embalao.org/cms/app/views/productos/index.ctp, line 27]
2010-09-08 15:11:47 Notice: Notice (8): Undefined index:  informacion_de_producto in [/home/embalao/embalao.org/cms/app/views/productos/index.ctp, line 27]
2010-09-08 15:12:52 Notice: Notice (8): Undefined index:  informacion_de_producto in [/home/embalao/embalao.org/cms/app/views/productos/index.ctp, line 27]
2010-09-08 15:13:28 Notice: Notice (8): Undefined index:  informacion_de_producto in [/home/embalao/embalao.org/cms/app/views/productos/index.ctp, line 27]
2010-09-08 15:14:03 Notice: Notice (8): Undefined index:  informacion_de_producto in [/home/embalao/embalao.org/cms/app/views/productos/index.ctp, line 27]
2010-09-08 15:26:33 Notice: Notice (8): Undefined index:  informacion_de_producto in [/home/embalao/embalao.org/cms/app/views/subcategorias/view.ctp, line 59]
2010-09-09 11:09:52 Notice: Notice (8): Undefined index:  informacion_de_producto in [/home/embalao/embalao.org/cms/app/views/subcategorias/view.ctp, line 59]
2010-09-09 11:12:00 Notice: Notice (8): Undefined index:  informacion_de_producto in [/home/embalao/embalao.org/cms/app/views/subcategorias/view.ctp, line 59]
2010-09-13 09:58:02 Notice: Notice (8): Undefined index:  informacion_de_producto in [/home/embalao/embalao.org/cms/app/views/productos/view.ctp, line 26]
2010-09-13 11:03:31 Notice: Notice (8): Undefined index:  informacion_de_producto in [/home/embalao/embalao.org/cms/app/views/productos/view.ctp, line 26]
2010-09-13 11:26:38 Notice: Notice (8): Undefined variable: categorias in [/home/embalao/embalao.org/cms/app/views/productos/edit.ctp, line 20]
2010-09-13 11:26:38 Notice: Notice (8): Undefined variable: i in [/home/embalao/embalao.org/cms/app/views/productos/edit.ctp, line 20]
2010-09-13 11:26:38 Notice: Notice (8): Undefined variable: i in [/home/embalao/embalao.org/cms/app/views/productos/edit.ctp, line 21]
2010-09-13 11:26:38 Notice: Notice (8): Undefined variable: opcionesFotos in [/home/embalao/embalao.org/cms/app/views/productos/edit.ctp, line 24]
2010-09-13 11:26:38 Notice: Notice (8): Undefined variable: i in [/home/embalao/embalao.org/cms/app/views/productos/edit.ctp, line 24]
2010-09-13 11:26:38 Notice: Notice (8): Undefined variable: i in [/home/embalao/embalao.org/cms/app/views/productos/edit.ctp, line 31]
2010-09-13 11:26:39 Notice: Notice (8): Undefined index:  categoria_id in [/home/embalao/embalao.org/cms/app/controllers/categorias_controller.php, line 117]
2010-09-13 11:27:10 Notice: Notice (8): Undefined variable: categorias in [/home/embalao/embalao.org/cms/app/views/productos/edit.ctp, line 20]
2010-09-13 11:27:10 Notice: Notice (8): Undefined variable: i in [/home/embalao/embalao.org/cms/app/views/productos/edit.ctp, line 20]
2010-09-13 11:27:10 Notice: Notice (8): Undefined variable: i in [/home/embalao/embalao.org/cms/app/views/productos/edit.ctp, line 21]
2010-09-13 11:27:10 Notice: Notice (8): Undefined variable: opcionesFotos in [/home/embalao/embalao.org/cms/app/views/productos/edit.ctp, line 24]
2010-09-13 11:27:10 Notice: Notice (8): Undefined variable: i in [/home/embalao/embalao.org/cms/app/views/productos/edit.ctp, line 24]
2010-09-13 11:27:10 Notice: Notice (8): Undefined variable: i in [/home/embalao/embalao.org/cms/app/views/productos/edit.ctp, line 31]
2010-09-13 11:27:12 Notice: Notice (8): Undefined index:  categoria_id in [/home/embalao/embalao.org/cms/app/controllers/categorias_controller.php, line 117]
2010-09-13 11:27:16 Notice: Notice (8): Undefined variable: i in [/home/embalao/embalao.org/cms/app/views/productos/edit.ctp, line 20]
2010-09-13 11:27:16 Notice: Notice (8): Undefined variable: i in [/home/embalao/embalao.org/cms/app/views/productos/edit.ctp, line 21]
2010-09-13 11:27:16 Notice: Notice (8): Undefined variable: i in [/home/embalao/embalao.org/cms/app/views/productos/edit.ctp, line 24]
2010-09-13 11:27:17 Notice: Notice (8): Undefined variable: i in [/home/embalao/embalao.org/cms/app/views/productos/edit.ctp, line 31]
2010-09-13 13:43:49 Notice: Notice (8): Undefined variable: i in [/home/embalao/embalao.org/cms/app/views/productos/edit.ctp, line 20]
2010-09-13 13:43:49 Notice: Notice (8): Undefined variable: i in [/home/embalao/embalao.org/cms/app/views/productos/edit.ctp, line 21]
2010-09-13 13:43:49 Notice: Notice (8): Undefined variable: i in [/home/embalao/embalao.org/cms/app/views/productos/edit.ctp, line 24]
2010-09-13 13:43:49 Notice: Notice (8): Undefined variable: i in [/home/embalao/embalao.org/cms/app/views/productos/edit.ctp, line 31]
2010-09-14 14:23:50 Notice: Notice (8): Undefined variable: producto in [/home/embalao/embalao.org/cms/app/controllers/productos_controller.php, line 27]
2010-09-14 14:24:00 Notice: Notice (8): Undefined variable: i in [/home/embalao/embalao.org/cms/app/views/productos/edit.ctp, line 20]
2010-09-14 14:24:00 Notice: Notice (8): Undefined variable: i in [/home/embalao/embalao.org/cms/app/views/productos/edit.ctp, line 21]
2010-09-14 14:24:00 Notice: Notice (8): Undefined variable: i in [/home/embalao/embalao.org/cms/app/views/productos/edit.ctp, line 24]
2010-09-14 14:24:00 Notice: Notice (8): Undefined variable: i in [/home/embalao/embalao.org/cms/app/views/productos/edit.ctp, line 31]
2010-09-14 14:32:04 Notice: Notice (8): Undefined index:  Categoria in [/home/embalao/embalao.org/cms/app/views/productos/index.ctp, line 28]
2010-09-14 14:37:25 Notice: Notice (8): Undefined index:  Sucategoria in [/home/embalao/embalao.org/cms/app/views/productos/index.ctp, line 28]
2010-09-14 14:39:20 Notice: Notice (8): Undefined variable: producto in [/home/embalao/embalao.org/cms/app/controllers/productos_controller.php, line 27]
2010-09-14 15:18:21 Notice: Notice (8): Undefined variable: opcionesFotos in [/home/embalao/embalao.org/cms/app/views/categorias/add.ctp, line 7]
2010-09-14 15:18:22 Notice: Notice (8): Undefined variable: opcionesFotos in [/home/embalao/embalao.org/cms/app/views/categorias/add.ctp, line 7]
2010-09-14 15:22:07 Notice: Notice (8): Undefined variable: i in [/home/embalao/embalao.org/cms/app/views/categorias/add.ctp, line 6]
2010-09-14 15:22:10 Notice: Notice (8): Undefined variable: i in [/home/embalao/embalao.org/cms/app/views/categorias/add.ctp, line 6]
2010-09-14 15:22:19 Notice: Notice (8): Undefined variable: i in [/home/embalao/embalao.org/cms/app/views/categorias/add.ctp, line 6]
2010-09-14 15:31:41 Notice: Notice (8): Undefined variable: opcionesFotos in [/home/embalao/embalao.org/cms/app/views/categorias/edit.ctp, line 9]
2010-09-14 15:31:44 Notice: Notice (8): Undefined variable: opcionesFotos in [/home/embalao/embalao.org/cms/app/views/categorias/edit.ctp, line 9]
2010-09-14 15:34:08 Notice: Notice (8): Undefined index:  imagen_path in [/home/embalao/embalao.org/cms/app/views/categorias/index.ctp, line 20]
2010-09-14 15:34:11 Notice: Notice (8): Undefined index:  imagen_path in [/home/embalao/embalao.org/cms/app/views/categorias/index.ctp, line 20]
2010-09-14 15:35:08 Notice: Notice (8): Undefined index:  imagen_path in [/home/embalao/embalao.org/cms/app/views/categorias/index.ctp, line 20]
2010-09-14 15:35:17 Notice: Notice (8): Undefined index:  imagen_path in [/home/embalao/embalao.org/cms/app/views/categorias/index.ctp, line 20]
2010-09-14 15:35:46 Notice: Notice (8): Uninitialized string offset: 0 in [/home/embalao/embalao.org/cms/cake/libs/view/helpers/html.php, line 608]
2010-09-14 15:35:48 Notice: Notice (8): Uninitialized string offset: 0 in [/home/embalao/embalao.org/cms/cake/libs/view/helpers/html.php, line 608]
2010-09-14 15:35:56 Notice: Notice (8): Uninitialized string offset: 0 in [/home/embalao/embalao.org/cms/cake/libs/view/helpers/html.php, line 608]
2010-09-14 15:36:03 Notice: Notice (8): Uninitialized string offset: 0 in [/home/embalao/embalao.org/cms/cake/libs/view/helpers/html.php, line 608]
2010-09-14 15:36:10 Notice: Notice (8): Uninitialized string offset: 0 in [/home/embalao/embalao.org/cms/cake/libs/view/helpers/html.php, line 608]
2010-09-14 15:36:18 Notice: Notice (8): Uninitialized string offset: 0 in [/home/embalao/embalao.org/cms/cake/libs/view/helpers/html.php, line 608]
2010-09-14 15:36:26 Notice: Notice (8): Uninitialized string offset: 0 in [/home/embalao/embalao.org/cms/cake/libs/view/helpers/html.php, line 608]
2010-09-14 15:42:42 Notice: Notice (8): Undefined variable: opcionesFotos in [/home/embalao/embalao.org/cms/app/views/subcategorias/add.ctp, line 9]
2010-09-14 15:48:07 Notice: Notice (8): Undefined variable: opcionesFotos in [/home/embalao/embalao.org/cms/app/views/subcategorias/add.ctp, line 9]
2010-09-14 15:54:44 Notice: Notice (8): Uninitialized string offset: 0 in [/home/embalao/embalao.org/cms/cake/libs/view/helpers/html.php, line 608]
2010-09-14 15:54:48 Notice: Notice (8): Undefined variable: opcionesFotos in [/home/embalao/embalao.org/cms/app/views/subcategorias/edit.ctp, line 9]
2010-09-14 15:55:08 Notice: Notice (8): Undefined variable: opcionesFotos in [/home/embalao/embalao.org/cms/app/views/subcategorias/edit.ctp, line 9]
2010-09-14 15:56:00 Notice: Notice (8): Uninitialized string offset: 0 in [/home/embalao/embalao.org/cms/cake/libs/view/helpers/html.php, line 608]
2010-09-14 15:56:06 Notice: Notice (8): Uninitialized string offset: 0 in [/home/embalao/embalao.org/cms/cake/libs/view/helpers/html.php, line 608]
2010-09-14 15:56:13 Notice: Notice (8): Uninitialized string offset: 0 in [/home/embalao/embalao.org/cms/cake/libs/view/helpers/html.php, line 608]
2010-09-14 15:56:21 Notice: Notice (8): Uninitialized string offset: 0 in [/home/embalao/embalao.org/cms/cake/libs/view/helpers/html.php, line 608]
2010-09-14 15:56:29 Notice: Notice (8): Uninitialized string offset: 0 in [/home/embalao/embalao.org/cms/cake/libs/view/helpers/html.php, line 608]
2010-09-14 15:56:41 Notice: Notice (8): Uninitialized string offset: 0 in [/home/embalao/embalao.org/cms/cake/libs/view/helpers/html.php, line 608]
2010-09-14 15:56:50 Notice: Notice (8): Uninitialized string offset: 0 in [/home/embalao/embalao.org/cms/cake/libs/view/helpers/html.php, line 608]
2010-09-14 15:56:58 Notice: Notice (8): Uninitialized string offset: 0 in [/home/embalao/embalao.org/cms/cake/libs/view/helpers/html.php, line 608]
2010-09-14 15:57:04 Notice: Notice (8): Uninitialized string offset: 0 in [/home/embalao/embalao.org/cms/cake/libs/view/helpers/html.php, line 608]
2010-09-14 15:57:12 Notice: Notice (8): Uninitialized string offset: 0 in [/home/embalao/embalao.org/cms/cake/libs/view/helpers/html.php, line 608]
2010-10-04 17:53:16 Notice: Notice (8): Undefined index:  informacion_de_producto in [/home/embalao/embalao.org/cms/app/views/productos/view.ctp, line 26]
2010-10-09 11:46:44 Notice: Notice (8): Undefined index:  action in [/home/embalao/embalao.org/cms/cake/dispatcher.php, line 266]
2010-10-09 11:46:44 Notice: Notice (8): Undefined index:  controller in [/home/embalao/embalao.org/cms/cake/dispatcher.php, line 121]
2010-10-13 11:03:16 Notice: Notice (8): Undefined index:  Categoria in [/home/provider/public_html/cms/app/controllers/categorias_controller.php, line 30]
2010-10-13 11:03:58 Notice: Notice (8): Undefined index:  Categoria in [/home/provider/public_html/cms/app/controllers/categorias_controller.php, line 30]
2010-10-13 11:29:13 Notice: Notice (8): Undefined property: Categoria::$Producto in [/home/provider/public_html/cms/app/controllers/categorias_controller.php, line 45]
2010-10-13 11:29:29 Notice: Notice (8): Undefined property: Categoria::$Producto in [/home/provider/public_html/cms/app/controllers/categorias_controller.php, line 45]
2010-10-13 13:08:25 Notice: Notice (8): Undefined variable: producto in [/home/provider/public_html/cms/app/controllers/productos_controller.php, line 27]
2010-10-13 20:31:04 Notice: Notice (8): Uninitialized string offset: 0 in [/home/provider/public_html/cms/cake/libs/view/helpers/html.php, line 608]
2010-10-13 20:32:32 Notice: Notice (8): Uninitialized string offset: 0 in [/home/provider/public_html/cms/cake/libs/view/helpers/html.php, line 608]
2010-10-13 20:32:44 Notice: Notice (8): Uninitialized string offset: 0 in [/home/provider/public_html/cms/cake/libs/view/helpers/html.php, line 608]
2010-10-13 21:50:49 Notice: Notice (8): Uninitialized string offset: 0 in [/home/provider/public_html/cms/cake/libs/view/helpers/html.php, line 608]
2010-10-13 21:51:28 Notice: Notice (8): Uninitialized string offset: 0 in [/home/provider/public_html/cms/cake/libs/view/helpers/html.php, line 608]
2010-10-14 04:26:14 Notice: Notice (8): Uninitialized string offset: 0 in [/home/provider/public_html/cms/cake/libs/view/helpers/html.php, line 608]
2010-10-14 06:10:42 Notice: Notice (8): Uninitialized string offset: 0 in [/home/provider/public_html/cms/cake/libs/view/helpers/html.php, line 608]
2010-10-14 06:10:47 Notice: Notice (8): Uninitialized string offset: 0 in [/home/provider/public_html/cms/cake/libs/view/helpers/html.php, line 608]
2010-10-14 06:10:56 Notice: Notice (8): Uninitialized string offset: 0 in [/home/provider/public_html/cms/cake/libs/view/helpers/html.php, line 608]
2010-10-14 06:11:04 Notice: Notice (8): Uninitialized string offset: 0 in [/home/provider/public_html/cms/cake/libs/view/helpers/html.php, line 608]
2010-10-14 06:11:10 Notice: Notice (8): Uninitialized string offset: 0 in [/home/provider/public_html/cms/cake/libs/view/helpers/html.php, line 608]
2010-10-14 06:11:17 Notice: Notice (8): Uninitialized string offset: 0 in [/home/provider/public_html/cms/cake/libs/view/helpers/html.php, line 608]
2010-10-14 06:27:40 Notice: Notice (8): Uninitialized string offset: 0 in [/home/provider/public_html/cms/cake/libs/view/helpers/html.php, line 608]
2010-10-14 06:59:45 Notice: Notice (8): Undefined index:  Subcategoria in [/home/provider/public_html/cms/app/controllers/subcategorias_controller.php, line 15]
2010-11-29 20:33:54 Notice: Notice (8): Undefined index:  informacion_de_producto in [/home/provider/public_html/cms/app/views/productos/view.ctp, line 26]
2010-11-29 20:33:58 Notice: Notice (8): Undefined index:  informacion_de_producto in [/home/provider/public_html/cms/app/views/productos/view.ctp, line 26]
2010-11-29 20:34:03 Notice: Notice (8): Undefined index:  informacion_de_producto in [/home/provider/public_html/cms/app/views/productos/view.ctp, line 26]
2010-11-29 20:34:10 Notice: Notice (8): Undefined index:  informacion_de_producto in [/home/provider/public_html/cms/app/views/productos/view.ctp, line 26]
2010-11-29 20:34:42 Notice: Notice (8): Undefined index:  informacion_de_producto in [/home/provider/public_html/cms/app/views/productos/view.ctp, line 26]
2010-11-29 20:40:43 Notice: Notice (8): Undefined index:  informacion_de_producto in [/home/provider/public_html/cms/app/views/productos/view.ctp, line 26]
2010-11-29 20:42:05 Notice: Notice (8): Undefined index:  informacion_de_producto in [/home/provider/public_html/cms/app/views/productos/view.ctp, line 26]
2010-11-29 20:42:11 Notice: Notice (8): Undefined index:  informacion_de_producto in [/home/provider/public_html/cms/app/views/productos/view.ctp, line 26]
2010-11-29 20:42:22 Notice: Notice (8): Undefined index:  informacion_de_producto in [/home/provider/public_html/cms/app/views/productos/view.ctp, line 26]
2010-11-29 20:54:27 Notice: Notice (8): Undefined index:  informacion_de_producto in [/home/provider/public_html/cms/app/views/productos/view.ctp, line 26]
2010-11-30 07:46:06 Notice: Notice (8): Undefined index:  informacion_de_producto in [/home/provider/public_html/cms/app/views/productos/view.ctp, line 26]
2011-12-06 00:03:43 Notice: Notice (8): Undefined variable: categorias in [/home/usuario/Escritorio/httdocs/provider/cms/app/views/productos/add.ctp, line 21]
2011-12-06 10:18:23 Notice: Notice (8): Undefined variable: lineaId in [/home/usuario/Escritorio/httdocs/provider/cms/app/controllers/categorias_controller.php, line 101]
2011-12-06 10:19:21 Notice: Notice (8): Undefined variable: lineaId in [/home/usuario/Escritorio/httdocs/provider/cms/app/controllers/categorias_controller.php, line 101]
2011-12-06 10:27:06 Notice: Notice (8): Undefined variable: lineaId in [/home/usuario/Escritorio/httdocs/provider/cms/app/controllers/categorias_controller.php, line 101]
2011-12-06 10:31:01 Notice: Notice (8): Undefined variable: lineaId in [/home/usuario/Escritorio/httdocs/provider/cms/app/controllers/categorias_controller.php, line 101]
2011-12-06 10:32:02 Notice: Notice (8): Undefined index: controller in [/home/usuario/Escritorio/httdocs/provider/cms/cake/dispatcher.php, line 121]
2011-12-06 10:32:34 Notice: Notice (8): Undefined variable: lineaId in [/home/usuario/Escritorio/httdocs/provider/cms/app/controllers/categorias_controller.php, line 101]
2011-12-06 10:33:51 Notice: Notice (8): Undefined index: controller in [/home/usuario/Escritorio/httdocs/provider/cms/cake/dispatcher.php, line 121]
2011-12-06 10:34:31 Notice: Notice (8): Undefined variable: lineaId in [/home/usuario/Escritorio/httdocs/provider/cms/app/controllers/categorias_controller.php, line 101]
2011-12-06 10:34:42 Notice: Notice (8): Undefined variable: lineaId in [/home/usuario/Escritorio/httdocs/provider/cms/app/controllers/categorias_controller.php, line 101]
2011-12-06 10:35:06 Notice: Notice (8): Undefined variable: lineaId in [/home/usuario/Escritorio/httdocs/provider/cms/app/controllers/categorias_controller.php, line 101]
2011-12-06 10:38:28 Notice: Notice (8): Undefined variable: lineaId in [/home/usuario/Escritorio/httdocs/provider/cms/app/controllers/categorias_controller.php, line 101]
2011-12-06 10:38:43 Notice: Notice (8): Undefined variable: lineaId in [/home/usuario/Escritorio/httdocs/provider/cms/app/controllers/categorias_controller.php, line 101]
2011-12-06 10:39:52 Notice: Notice (8): Undefined variable: lineaId in [/home/usuario/Escritorio/httdocs/provider/cms/app/controllers/categorias_controller.php, line 101]
2011-12-06 10:40:12 Notice: Notice (8): Undefined variable: lineaId in [/home/usuario/Escritorio/httdocs/provider/cms/app/controllers/categorias_controller.php, line 101]
2011-12-06 10:40:17 Notice: Notice (8): Undefined variable: lineaId in [/home/usuario/Escritorio/httdocs/provider/cms/app/controllers/categorias_controller.php, line 101]
2011-12-06 10:43:47 Notice: Notice (8): Undefined variable: lineaId in [/home/usuario/Escritorio/httdocs/provider/cms/app/controllers/categorias_controller.php, line 101]
2011-12-06 10:43:53 Notice: Notice (8): Undefined variable: lineaId in [/home/usuario/Escritorio/httdocs/provider/cms/app/controllers/categorias_controller.php, line 101]
2011-12-06 10:45:24 Notice: Notice (8): Undefined variable: lineaId in [/home/usuario/Escritorio/httdocs/provider/cms/app/controllers/categorias_controller.php, line 101]
2011-12-06 10:45:29 Notice: Notice (8): Undefined variable: lineaId in [/home/usuario/Escritorio/httdocs/provider/cms/app/controllers/categorias_controller.php, line 101]
2011-12-06 10:45:34 Notice: Notice (8): Undefined variable: lineaId in [/home/usuario/Escritorio/httdocs/provider/cms/app/controllers/categorias_controller.php, line 101]
2011-12-06 10:45:37 Notice: Notice (8): Undefined variable: lineaId in [/home/usuario/Escritorio/httdocs/provider/cms/app/controllers/categorias_controller.php, line 101]
2011-12-06 10:45:43 Notice: Notice (8): Undefined variable: lineaId in [/home/usuario/Escritorio/httdocs/provider/cms/app/controllers/categorias_controller.php, line 101]
2011-12-06 10:45:48 Notice: Notice (8): Undefined variable: lineaId in [/home/usuario/Escritorio/httdocs/provider/cms/app/controllers/categorias_controller.php, line 101]
2011-12-06 10:49:05 Notice: Notice (8): Undefined variable: lineaId in [/home/usuario/Escritorio/httdocs/provider/cms/app/controllers/categorias_controller.php, line 101]
2011-12-06 11:32:51 Notice: Notice (8): Undefined variable: lineaId in [/home/usuario/Escritorio/httdocs/provider/cms/app/controllers/categorias_controller.php, line 101]
2011-12-06 11:32:55 Notice: Notice (8): Undefined variable: lineaId in [/home/usuario/Escritorio/httdocs/provider/cms/app/controllers/categorias_controller.php, line 101]
2011-12-06 11:32:59 Notice: Notice (8): Undefined variable: lineaId in [/home/usuario/Escritorio/httdocs/provider/cms/app/controllers/categorias_controller.php, line 101]
2011-12-06 11:34:00 Notice: Notice (8): Undefined variable: lineaId in [/home/usuario/Escritorio/httdocs/provider/cms/app/controllers/categorias_controller.php, line 101]
2011-12-06 11:40:24 Notice: Notice (8): Undefined variable: lineaId in [/home/usuario/Escritorio/httdocs/provider/cms/app/controllers/categorias_controller.php, line 101]
2011-12-06 11:56:02 Notice: Notice (8): Undefined variable: lineaId in [/home/usuario/Escritorio/httdocs/provider/cms/app/controllers/categorias_controller.php, line 101]
2011-12-06 12:09:52 Notice: Notice (8): Undefined variable: lineaId in [/home/usuario/Escritorio/httdocs/provider/cms/app/controllers/categorias_controller.php, line 101]
2011-12-06 12:10:16 Notice: Notice (8): Undefined variable: lineaId in [/home/usuario/Escritorio/httdocs/provider/cms/app/controllers/categorias_controller.php, line 101]
2011-12-06 12:10:59 Notice: Notice (8): Undefined variable: lineaId in [/home/usuario/Escritorio/httdocs/provider/cms/app/controllers/categorias_controller.php, line 101]
2012-01-08 21:43:40 Notice: Notice (8): Undefined property: View::$Paginator in [/home/usuario/Escritorio/httdocs/provider/cms/app/views/productos/index.ctp, line 13]
2012-08-26 21:03:39 Debug: Notice (8): Undefined variable: str in [D:\xampp\htdocs\provider\app\views\pages\contact.ctp, line 148]
2012-08-26 21:03:39 Debug: Notice (8): Undefined variable: error in [D:\xampp\htdocs\provider\app\views\pages\contact.ctp, line 154]
2012-08-26 21:12:02 Debug: Notice (8): Undefined variable: str in [D:\xampp\htdocs\provider\app\views\pages\contact.ctp, line 148]
2012-08-26 21:12:02 Debug: Notice (8): Undefined variable: error in [D:\xampp\htdocs\provider\app\views\pages\contact.ctp, line 154]
2012-08-26 21:20:48 Debug: Notice (8): Undefined variable: str in [D:\xampp\htdocs\provider\app\views\pages\contact.ctp, line 142]
2012-08-26 21:20:48 Debug: Notice (8): Undefined variable: error in [D:\xampp\htdocs\provider\app\views\pages\contact.ctp, line 148]
2012-08-26 21:23:28 Debug: Notice (8): Undefined variable: str in [D:\xampp\htdocs\provider\app\views\pages\contact.ctp, line 142]
2012-08-26 21:23:28 Debug: Notice (8): Undefined variable: error in [D:\xampp\htdocs\provider\app\views\pages\contact.ctp, line 148]
